<?xml version="1.0" encoding="UTF-8" ?>
<testsuite failures="0" time="1.743" errors="1" skipped="0" tests="2" name="com.echo.jcps.AppointmentDaoTest">
  <properties>
[...]
</properties>
  <testcase time="0.344" classname="com.echo.jcps.AppointmentDaoTest" name="testInsertAppointment"/>
  <testcase time="0.031" classname="com.echo.jcps.AppointmentDaoTest" name="testQueryByKeyWithBook">
    <error message="com.echo.jcps.entity.Appointment cannot be cast to com.echo.jcps.dao.AppointmentDao" type="java.lang.ClassCastException">java.lang.ClassCastException: com.echo.jcps.entity.Appointment cannot be cast to com.echo.jcps.dao.AppointmentDao
	at com.sun.proxy.$Proxy18.queryByKeyWithBook(Unknown Source)
	at com.echo.jcps.AppointmentDaoTest.testQueryByKeyWithBook(AppointmentDaoTest.java:25)
	at sun.reflect.NativeMethodAccessorImpl.invoke0(Native Method)
	at sun.reflect.NativeMethodAccessorImpl.invoke(NativeMethodAccessorImpl.java:57)
	at sun.reflect.DelegatingMethodAccessorImpl.invoke(DelegatingMethodAccessorImpl.java:43)
	at java.lang.reflect.Method.invoke(Method.java:606)
	at org.junit.runners.model.FrameworkMethod$1.runReflectiveCall(FrameworkMethod.java:47)
	at org.junit.internal.runners.model.ReflectiveCallable.run(ReflectiveCallable.java:12)
	at org.junit.runners.model.FrameworkMethod.invokeExplosively(FrameworkMethod.java:44)
	at org.junit.internal.runners.statements.InvokeMethod.evaluate(InvokeMethod.java:17)
	at org.springframework.test.context.junit4.statements.RunBeforeTestMethodCallbacks.evaluate(RunBeforeTestMethodCallbacks.java:73)
	at org.springframework.test.context.junit4.statements.RunAfterTestMethodCallbacks.evaluate(RunAfterTestMethodCallbacks.java:82)
	at org.springframework.test.context.junit4.statements.SpringRepeat.evaluate(SpringRepeat.java:73)
	at org.junit.runners.ParentRunner.runLeaf(ParentRunner.java:271)
	at org.springframework.test.context.junit4.SpringJUnit4ClassRunner.runChild(SpringJUnit4ClassRunner.java:224)
	at org.springframework.test.context.junit4.SpringJUnit4ClassRunner.runChild(SpringJUnit4ClassRunner.java:83)
	at org.junit.runners.ParentRunner$3.run(ParentRunner.java:238)
	at org.junit.runners.ParentRunner$1.schedule(ParentRunner.java:63)
	at org.junit.runners.ParentRunner.runChildren(ParentRunner.java:236)
	at org.junit.runners.ParentRunner.access$000(ParentRunner.java:53)
	at org.junit.runners.ParentRunner$2.evaluate(ParentRunner.java:229)
	at org.springframework.test.context.junit4.statements.RunBeforeTestClassCallbacks.evaluate(RunBeforeTestClassCallbacks.java:61)
	at org.springframework.test.context.junit4.statements.RunAfterTestClassCallbacks.evaluate(RunAfterTestClassCallbacks.java:68)
	at org.junit.runners.ParentRunner.run(ParentRunner.java:309)
	at org.springframework.test.context.junit4.SpringJUnit4ClassRunner.run(SpringJUnit4ClassRunner.java:163)
	at org.apache.maven.surefire.junit4.JUnit4TestSet.execute(JUnit4TestSet.java:35)
	at org.apache.maven.surefire.junit4.JUnit4Provider.executeTestSet(JUnit4Provider.java:146)
	at org.apache.maven.surefire.junit4.JUnit4Provider.invoke(JUnit4Provider.java:97)
	at sun.reflect.NativeMethodAccessorImpl.invoke0(Native Method)
	at sun.reflect.NativeMethodAccessorImpl.invoke(NativeMethodAccessorImpl.java:57)
	at sun.reflect.DelegatingMethodAccessorImpl.invoke(DelegatingMethodAccessorImpl.java:43)
	at java.lang.reflect.Method.invoke(Method.java:606)
	at org.apache.maven.surefire.booter.ProviderFactory$ClassLoaderProxy.invoke(ProviderFactory.java:103)
	at com.sun.proxy.$Proxy0.invoke(Unknown Source)
	at org.apache.maven.surefire.booter.SurefireStarter.invokeProvider(SurefireStarter.java:145)
	at org.apache.maven.surefire.booter.SurefireStarter.runSuitesInProcess(SurefireStarter.java:87)
	at org.apache.maven.surefire.booter.ForkedBooter.main(ForkedBooter.java:69)
</error>
    <system-out>13:45:18.100 [main] DEBUG org.mybatis.spring.SqlSessionUtils - Creating a new SqlSession
13:45:18.100 [main] DEBUG org.mybatis.spring.SqlSessionUtils - SqlSession [org.apache.ibatis.session.defaults.DefaultSqlSession@15e426ac] was not registered for synchronization because synchronization is not active
13:45:18.100 [main] DEBUG o.m.s.t.SpringManagedTransaction - JDBC Connection [com.mchange.v2.c3p0.impl.NewProxyConnection@22e287a8] will not be managed by Spring
13:45:18.100 [main] DEBUG c.e.j.d.A.queryByKeyWithBook - ==&gt;  Preparing: SELECT a.book_id, a.student_id, a.appoint_time, b.book_id &quot;book.book_id&quot;, b.`name` &quot;book.name&quot;, b.number &quot;book.number&quot; FROM appointment a INNER JOIN book b ON a.book_id = b.book_id WHERE a.book_id = ? AND a.student_id = ? 
13:45:18.100 [main] DEBUG c.e.j.d.A.queryByKeyWithBook - ==&gt; Parameters: 1000(Long), 12345678910(Long)
13:45:18.131 [main] DEBUG c.e.j.d.A.queryByKeyWithBook - &lt;==      Total: 1
13:45:18.131 [main] DEBUG org.mybatis.spring.SqlSessionUtils - Closing non transactional SqlSession [org.apache.ibatis.session.defaults.DefaultSqlSession@15e426ac]
</system-out>
  </testcase>
</testsuite>